(13:34:57.486) INFO: [TadState] TAD state init (NONE)
(13:35:17.935) INFO: [TadModel] DSF session ID 0 has started
(13:35:20.763) INFO: [TadState] TAD state changed from DEBUG_STARTED to DEBUG_INIT_0 (Suspended, USER_REQUEST)
(13:35:22.377) INFO: [TadState] TAD state changed from DEBUG_INIT_0 to DEBUG_INIT_1 (Resumed, USER_REQUEST)
(13:35:22.379) INFO: [TadState] TAD state changed from DEBUG_INIT_1 to DEBUG_SUSPENDED (Suspended, BREAKPOINT)
(13:35:36.799) INFO: [TadModel] DSF session ID 1 has started
(13:35:40.342) INFO: [TadState] TAD state changed from NONE to DEBUG_INIT_0 (Suspended, USER_REQUEST)
(13:35:41.799) INFO: [TadState] TAD state changed from DEBUG_INIT_0 to DEBUG_INIT_1 (Resumed, USER_REQUEST)
(13:35:41.832) INFO: [TadState] TAD state changed from DEBUG_INIT_1 to DEBUG_SUSPENDED (Suspended, BREAKPOINT)
(13:35:50.586) INFO: [TadState] TAD state changed from DEBUG_SUSPENDED to DEBUG_RESUMED (Resumed, USER_REQUEST)
(13:36:10.800) INFO: [TadModel] DSF session ID 2 has started
(13:36:12.062) INFO: [TadState] TAD state changed from DEBUG_STARTED to DEBUG_INIT_0 (Suspended, SIGNAL)
(13:36:15.148) INFO: [TadState] TAD state changed from NONE to DEBUG_INIT_0 (Suspended, USER_REQUEST)
(13:36:16.701) INFO: [TadState] TAD state changed from DEBUG_INIT_0 to DEBUG_INIT_1 (Resumed, USER_REQUEST)
(13:36:16.728) INFO: [TadState] TAD state changed from DEBUG_INIT_1 to DEBUG_SUSPENDED (Suspended, BREAKPOINT)
(13:36:17.514) INFO: [TadState] TAD state changed from DEBUG_SUSPENDED to DEBUG_RESUMED (Resumed, USER_REQUEST)
(13:36:28.981) INFO: [TadModel] DSF session ID 3 has started
(13:36:30.475) INFO: [TadState] TAD state changed from DEBUG_STARTED to DEBUG_INIT_0 (Suspended, SIGNAL)
(13:36:33.627) INFO: [TadState] TAD state changed from NONE to DEBUG_INIT_0 (Suspended, USER_REQUEST)
(13:36:35.153) INFO: [TadState] TAD state changed from DEBUG_INIT_0 to DEBUG_INIT_1 (Resumed, USER_REQUEST)
(13:36:35.181) INFO: [TadState] TAD state changed from DEBUG_INIT_1 to DEBUG_SUSPENDED (Suspended, BREAKPOINT)
(13:36:35.915) INFO: [TadState] TAD state changed from DEBUG_SUSPENDED to DEBUG_RESUMED (Resumed, USER_REQUEST)
(13:37:01.483) INFO: [TadModel] DSF session ID 4 has started
(13:37:03.095) INFO: [TadState] TAD state changed from DEBUG_STARTED to DEBUG_INIT_0 (Suspended, SIGNAL)
(13:37:06.451) INFO: [TadState] TAD state changed from NONE to DEBUG_INIT_0 (Suspended, USER_REQUEST)
(13:37:08.703) INFO: [TadState] TAD state changed from DEBUG_INIT_0 to DEBUG_INIT_1 (Resumed, USER_REQUEST)
(13:37:08.731) INFO: [TadState] TAD state changed from DEBUG_INIT_1 to DEBUG_SUSPENDED (Suspended, BREAKPOINT)
(13:37:09.911) INFO: [TadState] TAD state changed from DEBUG_SUSPENDED to DEBUG_RESUMED (Resumed, USER_REQUEST)
(13:37:49.909) INFO: [TadModel] DSF session ID 5 has started
(13:37:51.121) INFO: [TadState] TAD state changed from DEBUG_STARTED to DEBUG_INIT_0 (Suspended, SIGNAL)
(13:37:54.298) INFO: [TadState] TAD state changed from NONE to DEBUG_INIT_0 (Suspended, USER_REQUEST)
(13:37:56.463) INFO: [TadState] TAD state changed from DEBUG_INIT_0 to DEBUG_INIT_1 (Resumed, USER_REQUEST)
(13:37:56.494) INFO: [TadState] TAD state changed from DEBUG_INIT_1 to DEBUG_SUSPENDED (Suspended, BREAKPOINT)
(13:37:58.448) INFO: [TadState] TAD state changed from DEBUG_SUSPENDED to DEBUG_RESUMED (Resumed, USER_REQUEST)
(13:39:01.478) INFO: [TadModel] DSF session ID 6 has started
(13:39:02.816) INFO: [TadState] TAD state changed from DEBUG_STARTED to DEBUG_INIT_0 (Suspended, SIGNAL)
(13:39:06.173) INFO: [TadState] TAD state changed from NONE to DEBUG_INIT_0 (Suspended, USER_REQUEST)
(13:39:08.436) INFO: [TadState] TAD state changed from DEBUG_INIT_0 to DEBUG_INIT_1 (Resumed, USER_REQUEST)
(13:39:08.466) INFO: [TadState] TAD state changed from DEBUG_INIT_1 to DEBUG_SUSPENDED (Suspended, BREAKPOINT)
(13:39:09.576) INFO: [TadState] TAD state changed from DEBUG_SUSPENDED to DEBUG_RESUMED (Resumed, USER_REQUEST)
(13:40:18.839) INFO: [TadModel] DSF session ID 7 has started
(13:40:23.694) INFO: [TadState] TAD state changed from DEBUG_STARTED to DEBUG_INIT_0 (Suspended, SIGNAL)
(13:40:26.839) INFO: [TadState] TAD state changed from NONE to DEBUG_INIT_0 (Suspended, USER_REQUEST)
(13:40:28.318) INFO: [TadState] TAD state changed from DEBUG_INIT_0 to DEBUG_INIT_1 (Resumed, USER_REQUEST)
(13:40:28.346) INFO: [TadState] TAD state changed from DEBUG_INIT_1 to DEBUG_SUSPENDED (Suspended, BREAKPOINT)
(13:40:30.009) INFO: [TadState] TAD state changed from DEBUG_SUSPENDED to DEBUG_RESUMED (Resumed, USER_REQUEST)
(13:41:10.438) INFO: [TadModel] DSF session ID 8 has started
(13:41:11.798) INFO: [TadState] TAD state changed from DEBUG_STARTED to DEBUG_INIT_0 (Suspended, SIGNAL)
(13:41:14.906) INFO: [TadState] TAD state changed from NONE to DEBUG_INIT_0 (Suspended, USER_REQUEST)
(13:41:16.440) INFO: [TadState] TAD state changed from DEBUG_INIT_0 to DEBUG_INIT_1 (Resumed, USER_REQUEST)
(13:41:16.466) INFO: [TadState] TAD state changed from DEBUG_INIT_1 to DEBUG_SUSPENDED (Suspended, BREAKPOINT)
(13:41:17.568) INFO: [TadState] TAD state changed from DEBUG_SUSPENDED to DEBUG_RESUMED (Resumed, USER_REQUEST)
(13:49:10.552) INFO: [TadModel] DSF session ID 9 has started
(13:49:11.928) INFO: [TadState] TAD state changed from DEBUG_STARTED to DEBUG_INIT_0 (Suspended, SIGNAL)
(13:49:15.045) INFO: [TadState] TAD state changed from NONE to DEBUG_INIT_0 (Suspended, USER_REQUEST)
(13:49:16.516) INFO: [TadState] TAD state changed from DEBUG_INIT_0 to DEBUG_INIT_1 (Resumed, USER_REQUEST)
(13:49:16.543) INFO: [TadState] TAD state changed from DEBUG_INIT_1 to DEBUG_SUSPENDED (Suspended, BREAKPOINT)
(13:49:21.649) INFO: [TadState] TAD state changed from DEBUG_SUSPENDED to DEBUG_RESUMED (Resumed, USER_REQUEST)
(13:51:48.374) INFO: [TadModel] DSF session ID 10 has started
(13:51:50.006) INFO: [TadState] TAD state changed from DEBUG_STARTED to DEBUG_INIT_0 (Suspended, SIGNAL)
(13:51:53.070) INFO: [TadState] TAD state changed from NONE to DEBUG_INIT_0 (Suspended, USER_REQUEST)
(13:51:54.617) INFO: [TadState] TAD state changed from DEBUG_INIT_0 to DEBUG_INIT_1 (Resumed, USER_REQUEST)
(13:51:54.646) INFO: [TadState] TAD state changed from DEBUG_INIT_1 to DEBUG_SUSPENDED (Suspended, BREAKPOINT)
(13:51:55.477) INFO: [TadState] TAD state changed from DEBUG_SUSPENDED to DEBUG_RESUMED (Resumed, USER_REQUEST)
(13:52:16.186) INFO: [TadModel] DSF session ID 11 has started
(13:52:17.572) INFO: [TadState] TAD state changed from DEBUG_STARTED to DEBUG_INIT_0 (Suspended, SIGNAL)
(13:52:20.677) INFO: [TadState] TAD state changed from NONE to DEBUG_INIT_0 (Suspended, USER_REQUEST)
(13:52:22.213) INFO: [TadState] TAD state changed from DEBUG_INIT_0 to DEBUG_INIT_1 (Resumed, USER_REQUEST)
(13:52:22.237) INFO: [TadState] TAD state changed from DEBUG_INIT_1 to DEBUG_SUSPENDED (Suspended, BREAKPOINT)
(13:52:22.809) INFO: [TadState] TAD state changed from DEBUG_SUSPENDED to DEBUG_RESUMED (Resumed, USER_REQUEST)
(13:52:35.922) INFO: [TadState] TAD state changed from DEBUG_RESUMED to READY (Suspended, SIGNAL)
(13:52:36.433) ReadingException: com.freescale.mqx.gdb.tad.model.globalstatus.TadGlobalStatusFactory.isMqxDataValid() at 60.line "readLongVariableSafely(_mqx_kernel_data)"
(13:52:36.433) ERROR: [TadGlobalStatusFactory] Kernel Data NOT valid (pointer: 0x0000)
(13:52:36.434) ERROR: [TadGlobalStatusFactory] MQX data not valid!
(13:52:36.435) INFO: [TadModel$3] Loading of TAD Global Status took 506 ms
(13:52:36.435) INFO: [TadGlobalStatusController] TAD global status data is ready!
(13:52:37.301) INFO: [TadModel] DSF session ID 11 has ended
(13:52:46.541) INFO: [TadModel] DSF session ID 12 has started
(13:52:49.447) INFO: [TadState] TAD state changed from DEBUG_STARTED to DEBUG_INIT_0 (Suspended, USER_REQUEST)
(13:52:51.630) INFO: [TadState] TAD state changed from DEBUG_INIT_0 to DEBUG_INIT_1 (Resumed, USER_REQUEST)
(13:52:51.658) INFO: [TadState] TAD state changed from DEBUG_INIT_1 to DEBUG_SUSPENDED (Suspended, BREAKPOINT)
(13:53:00.154) INFO: [TadState] TAD state changed from DEBUG_SUSPENDED to DEBUG_RESUMED (Resumed, USER_REQUEST)
(14:02:51.646) INFO: [TadModel] DSF session ID 13 has started
(14:02:53.079) INFO: [TadState] TAD state changed from DEBUG_STARTED to DEBUG_INIT_0 (Suspended, SIGNAL)
(14:02:54.519) INFO: [TadModel] DSF session ID 12 has ended
(14:02:56.257) INFO: [TadState] TAD state changed from NONE to DEBUG_INIT_0 (Suspended, USER_REQUEST)
(14:02:57.686) INFO: [TadState] TAD state changed from DEBUG_INIT_0 to DEBUG_INIT_1 (Resumed, USER_REQUEST)
(14:02:57.715) INFO: [TadState] TAD state changed from DEBUG_INIT_1 to DEBUG_SUSPENDED (Suspended, BREAKPOINT)
(14:03:03.319) INFO: [TadState] TAD state changed from DEBUG_SUSPENDED to DEBUG_RESUMED (Resumed, USER_REQUEST)
(14:06:23.544) INFO: [TadState] TAD state changed from DEBUG_RESUMED to READY (Suspended, SIGNAL)
(14:06:24.048) ReadingException: com.freescale.mqx.gdb.tad.model.globalstatus.TadGlobalStatusFactory.isMqxDataValid() at 60.line "readLongVariableSafely(_mqx_kernel_data)"
(14:06:24.048) ERROR: [TadGlobalStatusFactory] Kernel Data NOT valid (pointer: 0x0000)
(14:06:24.048) ERROR: [TadGlobalStatusFactory] MQX data not valid!
(14:06:24.048) INFO: [TadModel$3] Loading of TAD Global Status took 501 ms
(14:06:24.049) INFO: [TadGlobalStatusController] TAD global status data is ready!
(14:06:24.951) INFO: [TadModel] DSF session ID 13 has ended
(14:06:39.429) INFO: [TadModel] DSF session ID 14 has started
(14:06:41.220) INFO: [TadState] TAD state changed from DEBUG_STARTED to DEBUG_INIT_0 (Suspended, USER_REQUEST)
(14:06:43.430) INFO: [TadState] TAD state changed from DEBUG_INIT_0 to DEBUG_INIT_1 (Resumed, USER_REQUEST)
(14:06:43.458) INFO: [TadState] TAD state changed from DEBUG_INIT_1 to DEBUG_SUSPENDED (Suspended, BREAKPOINT)
(14:06:44.897) INFO: [TadState] TAD state changed from DEBUG_SUSPENDED to DEBUG_RESUMED (Resumed, USER_REQUEST)
(14:06:52.679) INFO: [TadModel] DSF session ID 15 has started
(14:06:54.971) INFO: [TadState] TAD state changed from DEBUG_STARTED to DEBUG_INIT_0 (Suspended, SIGNAL)
(14:06:56.418) INFO: [TadModel] DSF session ID 14 has ended
(14:06:57.399) INFO: [TadState] TAD state changed from NONE to DEBUG_INIT_0 (Suspended, USER_REQUEST)
(14:06:58.944) INFO: [TadState] TAD state changed from DEBUG_INIT_0 to DEBUG_INIT_1 (Resumed, USER_REQUEST)
(14:06:58.973) INFO: [TadState] TAD state changed from DEBUG_INIT_1 to DEBUG_SUSPENDED (Suspended, BREAKPOINT)
(14:06:59.765) INFO: [TadState] TAD state changed from DEBUG_SUSPENDED to DEBUG_RESUMED (Resumed, USER_REQUEST)
(14:08:19.705) INFO: [TadModel] DSF session ID 16 has started
(14:08:21.170) INFO: [TadState] TAD state changed from DEBUG_STARTED to DEBUG_INIT_0 (Suspended, SIGNAL)
(14:08:22.890) INFO: [TadModel] DSF session ID 15 has ended
(14:08:24.554) INFO: [TadState] TAD state changed from NONE to DEBUG_INIT_0 (Suspended, USER_REQUEST)
(14:08:26.768) INFO: [TadState] TAD state changed from DEBUG_INIT_0 to DEBUG_INIT_1 (Resumed, USER_REQUEST)
(14:08:26.798) INFO: [TadState] TAD state changed from DEBUG_INIT_1 to DEBUG_SUSPENDED (Suspended, BREAKPOINT)
(14:08:27.545) INFO: [TadState] TAD state changed from DEBUG_SUSPENDED to DEBUG_RESUMED (Resumed, USER_REQUEST)
(14:08:31.701) INFO: [TadState] TAD state changed from DEBUG_RESUMED to READY (Suspended, SIGNAL)
(14:08:32.206) ReadingException: com.freescale.mqx.gdb.tad.model.globalstatus.TadGlobalStatusFactory.isMqxDataValid() at 60.line "readLongVariableSafely(_mqx_kernel_data)"
(14:08:32.206) ERROR: [TadGlobalStatusFactory] Kernel Data NOT valid (pointer: 0x0000)
(14:08:32.206) ERROR: [TadGlobalStatusFactory] MQX data not valid!
(14:08:32.206) INFO: [TadModel$3] Loading of TAD Global Status took 501 ms
(14:08:32.207) INFO: [TadGlobalStatusController] TAD global status data is ready!
(14:08:33.103) INFO: [TadModel] DSF session ID 16 has ended
(14:08:47.752) INFO: [TadModel] DSF session ID 17 has started
(14:08:50.677) INFO: [TadState] TAD state changed from DEBUG_STARTED to DEBUG_INIT_0 (Suspended, USER_REQUEST)
(14:08:52.882) INFO: [TadState] TAD state changed from DEBUG_INIT_0 to DEBUG_INIT_1 (Resumed, USER_REQUEST)
(14:08:52.913) INFO: [TadState] TAD state changed from DEBUG_INIT_1 to DEBUG_SUSPENDED (Suspended, BREAKPOINT)
(14:08:54.195) INFO: [TadState] TAD state changed from DEBUG_SUSPENDED to DEBUG_RESUMED (Resumed, USER_REQUEST)
(14:08:58.682) INFO: [TadState] TAD state changed from DEBUG_RESUMED to READY (Suspended, SIGNAL)
(14:08:59.188) ReadingException: com.freescale.mqx.gdb.tad.model.globalstatus.TadGlobalStatusFactory.isMqxDataValid() at 60.line "readLongVariableSafely(_mqx_kernel_data)"
(14:08:59.188) ERROR: [TadGlobalStatusFactory] Kernel Data NOT valid (pointer: 0x0000)
(14:08:59.188) ERROR: [TadGlobalStatusFactory] MQX data not valid!
(14:08:59.188) INFO: [TadModel$3] Loading of TAD Global Status took 502 ms
(14:08:59.189) INFO: [TadGlobalStatusController] TAD global status data is ready!
(14:08:59.554) INFO: [TadModel] DSF session ID 17 has ended
(14:09:56.294) INFO: [TadModel] DSF session ID 18 has started
(14:09:58.057) INFO: [TadState] TAD state changed from DEBUG_STARTED to DEBUG_INIT_0 (Suspended, USER_REQUEST)
(14:09:59.454) INFO: [TadState] TAD state changed from DEBUG_INIT_0 to DEBUG_INIT_1 (Resumed, USER_REQUEST)
(14:09:59.488) INFO: [TadState] TAD state changed from DEBUG_INIT_1 to DEBUG_SUSPENDED (Suspended, BREAKPOINT)
(14:10:00.769) INFO: [TadState] TAD state changed from DEBUG_SUSPENDED to DEBUG_RESUMED (Resumed, USER_REQUEST)
(14:10:20.298) INFO: [TadModel] DSF session ID 19 has started
(14:10:21.895) INFO: [TadState] TAD state changed from DEBUG_STARTED to DEBUG_INIT_0 (Suspended, SIGNAL)
(14:10:23.477) INFO: [TadModel] DSF session ID 18 has ended
(14:10:25.102) INFO: [TadState] TAD state changed from NONE to DEBUG_INIT_0 (Suspended, USER_REQUEST)
(14:10:27.471) INFO: [TadState] TAD state changed from DEBUG_INIT_0 to DEBUG_INIT_1 (Resumed, USER_REQUEST)
(14:10:27.499) INFO: [TadState] TAD state changed from DEBUG_INIT_1 to DEBUG_SUSPENDED (Suspended, BREAKPOINT)
(14:10:28.786) INFO: [TadState] TAD state changed from DEBUG_SUSPENDED to DEBUG_RESUMED (Resumed, USER_REQUEST)
(14:10:48.961) INFO: [TadModel] DSF session ID 20 has started
(14:10:50.358) INFO: [TadState] TAD state changed from DEBUG_STARTED to DEBUG_INIT_0 (Suspended, SIGNAL)
(14:10:51.770) INFO: [TadModel] DSF session ID 19 has ended
(14:10:53.580) INFO: [TadState] TAD state changed from NONE to DEBUG_INIT_0 (Suspended, USER_REQUEST)
(14:10:55.115) INFO: [TadState] TAD state changed from DEBUG_INIT_0 to DEBUG_INIT_1 (Resumed, USER_REQUEST)
(14:10:55.145) INFO: [TadState] TAD state changed from DEBUG_INIT_1 to DEBUG_SUSPENDED (Suspended, BREAKPOINT)
(14:10:56.144) INFO: [TadState] TAD state changed from DEBUG_SUSPENDED to DEBUG_RESUMED (Resumed, USER_REQUEST)
(14:11:04.775) INFO: [TadState] TAD state changed from DEBUG_RESUMED to READY (Suspended, SIGNAL)
(14:11:05.280) ReadingException: com.freescale.mqx.gdb.tad.model.globalstatus.TadGlobalStatusFactory.isMqxDataValid() at 60.line "readLongVariableSafely(_mqx_kernel_data)"
(14:11:05.280) ERROR: [TadGlobalStatusFactory] Kernel Data NOT valid (pointer: 0x0000)
(14:11:05.280) ERROR: [TadGlobalStatusFactory] MQX data not valid!
(14:11:05.281) INFO: [TadModel$3] Loading of TAD Global Status took 502 ms
(14:11:05.281) INFO: [TadGlobalStatusController] TAD global status data is ready!
(14:11:06.198) INFO: [TadModel] DSF session ID 20 has ended
(14:18:11.340) INFO: [TadModel] DSF session ID 21 has started
(14:18:14.398) INFO: [TadState] TAD state changed from DEBUG_STARTED to DEBUG_INIT_0 (Suspended, USER_REQUEST)
(14:18:16.576) INFO: [TadState] TAD state changed from DEBUG_INIT_0 to DEBUG_INIT_1 (Resumed, USER_REQUEST)
(14:18:16.606) INFO: [TadState] TAD state changed from DEBUG_INIT_1 to DEBUG_SUSPENDED (Suspended, BREAKPOINT)
(14:18:20.114) INFO: [TadState] TAD state changed from DEBUG_SUSPENDED to DEBUG_RESUMED (Resumed, USER_REQUEST)
(14:31:04.864) INFO: [TadModel] DSF session ID 22 has started
(14:31:06.129) INFO: [TadState] TAD state changed from DEBUG_STARTED to DEBUG_INIT_0 (Suspended, SIGNAL)
(14:31:07.527) INFO: [TadModel] DSF session ID 21 has ended
(14:31:09.321) INFO: [TadState] TAD state changed from NONE to DEBUG_INIT_0 (Suspended, USER_REQUEST)
(14:31:10.872) INFO: [TadState] TAD state changed from DEBUG_INIT_0 to DEBUG_INIT_1 (Resumed, USER_REQUEST)
(14:31:10.899) INFO: [TadState] TAD state changed from DEBUG_INIT_1 to DEBUG_SUSPENDED (Suspended, BREAKPOINT)
(14:31:12.079) INFO: [TadState] TAD state changed from DEBUG_SUSPENDED to DEBUG_RESUMED (Resumed, USER_REQUEST)
(14:31:41.924) INFO: [TadState] TAD state changed from DEBUG_RESUMED to READY (Suspended, SIGNAL)
(14:31:42.428) ReadingException: com.freescale.mqx.gdb.tad.model.globalstatus.TadGlobalStatusFactory.isMqxDataValid() at 60.line "readLongVariableSafely(_mqx_kernel_data)"
(14:31:42.428) ERROR: [TadGlobalStatusFactory] Kernel Data NOT valid (pointer: 0x0000)
(14:31:42.429) ERROR: [TadGlobalStatusFactory] MQX data not valid!
(14:31:42.429) INFO: [TadModel$3] Loading of TAD Global Status took 502 ms
(14:31:42.429) INFO: [TadGlobalStatusController] TAD global status data is ready!
(14:31:42.793) INFO: [TadModel] DSF session ID 22 has ended
(14:32:12.094) INFO: [TadModel] DSF session ID 23 has started
(14:32:17.559) INFO: [TadModel] DSF session ID 24 has started
(14:32:18.015) INFO: [TadModel] DSF session ID 23 has ended
(14:32:19.422) INFO: [TadState] TAD state changed from NONE to DEBUG_INIT_0 (Suspended, USER_REQUEST)
(14:32:20.863) INFO: [TadState] TAD state changed from DEBUG_INIT_0 to DEBUG_INIT_1 (Resumed, USER_REQUEST)
(14:32:20.891) INFO: [TadState] TAD state changed from DEBUG_INIT_1 to DEBUG_SUSPENDED (Suspended, BREAKPOINT)
(14:32:33.834) INFO: [TadState] TAD state changed from DEBUG_SUSPENDED to DEBUG_RESUMED (Resumed, USER_REQUEST)
(14:34:20.486) INFO: [TadModel] DSF session ID 25 has started
(14:34:22.223) INFO: [TadState] TAD state changed from DEBUG_STARTED to DEBUG_INIT_0 (Suspended, SIGNAL)
(14:34:23.626) INFO: [TadModel] DSF session ID 24 has ended
(14:34:25.390) INFO: [TadState] TAD state changed from NONE to DEBUG_INIT_0 (Suspended, USER_REQUEST)
(14:34:26.937) INFO: [TadState] TAD state changed from DEBUG_INIT_0 to DEBUG_INIT_1 (Resumed, USER_REQUEST)
(14:34:26.966) INFO: [TadState] TAD state changed from DEBUG_INIT_1 to DEBUG_SUSPENDED (Suspended, BREAKPOINT)
(14:34:31.393) INFO: [TadState] TAD state changed from DEBUG_SUSPENDED to DEBUG_RESUMED (Resumed, USER_REQUEST)
(14:35:03.323) INFO: [TadModel] DSF session ID 26 has started
(14:35:04.903) INFO: [TadState] TAD state changed from DEBUG_STARTED to DEBUG_INIT_0 (Suspended, SIGNAL)
(14:35:05.890) INFO: [TadModel] DSF session ID 25 has ended
(14:35:08.952) INFO: [TadState] TAD state changed from NONE to DEBUG_INIT_0 (Suspended, USER_REQUEST)
(14:35:10.509) INFO: [TadState] TAD state changed from DEBUG_INIT_0 to DEBUG_INIT_1 (Resumed, USER_REQUEST)
(14:35:10.537) INFO: [TadState] TAD state changed from DEBUG_INIT_1 to DEBUG_SUSPENDED (Suspended, BREAKPOINT)
(14:35:11.326) INFO: [TadState] TAD state changed from DEBUG_SUSPENDED to DEBUG_RESUMED (Resumed, USER_REQUEST)
(14:35:31.804) INFO: [TadState] TAD state changed from DEBUG_RESUMED to READY (Suspended, SIGNAL)
(14:35:32.310) ReadingException: com.freescale.mqx.gdb.tad.model.globalstatus.TadGlobalStatusFactory.isMqxDataValid() at 60.line "readLongVariableSafely(_mqx_kernel_data)"
(14:35:32.310) ERROR: [TadGlobalStatusFactory] Kernel Data NOT valid (pointer: 0x0000)
(14:35:32.310) ERROR: [TadGlobalStatusFactory] MQX data not valid!
(14:35:32.310) INFO: [TadModel$3] Loading of TAD Global Status took 502 ms
(14:35:32.310) INFO: [TadGlobalStatusController] TAD global status data is ready!
(14:35:33.196) INFO: [TadModel] DSF session ID 26 has ended
(14:36:03.436) INFO: [TadModel] DSF session ID 27 has started
(14:36:04.414) INFO: [TadModel] DSF session ID 27 has ended
(14:36:29.597) INFO: [TadModel] DSF session ID 28 has started
(14:36:31.337) INFO: [TadState] TAD state changed from DEBUG_STARTED to DEBUG_INIT_0 (Suspended, USER_REQUEST)
(14:36:33.547) INFO: [TadState] TAD state changed from DEBUG_INIT_0 to DEBUG_INIT_1 (Resumed, USER_REQUEST)
(14:36:33.576) INFO: [TadState] TAD state changed from DEBUG_INIT_1 to DEBUG_SUSPENDED (Suspended, BREAKPOINT)
(14:36:34.573) INFO: [TadState] TAD state changed from DEBUG_SUSPENDED to DEBUG_RESUMED (Resumed, USER_REQUEST)
(14:37:45.858) INFO: [TadModel] DSF session ID 29 has started
(14:37:47.259) INFO: [TadState] TAD state changed from DEBUG_STARTED to DEBUG_INIT_0 (Suspended, SIGNAL)
(14:37:48.677) INFO: [TadModel] DSF session ID 28 has ended
(14:37:50.117) INFO: [TadState] TAD state changed from NONE to DEBUG_INIT_0 (Suspended, USER_REQUEST)
(14:37:51.656) INFO: [TadState] TAD state changed from DEBUG_INIT_0 to DEBUG_INIT_1 (Resumed, USER_REQUEST)
(14:37:51.683) INFO: [TadState] TAD state changed from DEBUG_INIT_1 to DEBUG_SUSPENDED (Suspended, BREAKPOINT)
(14:38:07.329) INFO: [TadModel] DSF session ID 30 has started
(14:38:10.263) INFO: [TadModel] DSF session ID 29 has ended
(14:38:12.096) INFO: [TadState] TAD state changed from NONE to DEBUG_INIT_0 (Suspended, USER_REQUEST)
(14:38:14.270) INFO: [TadState] TAD state changed from DEBUG_INIT_0 to DEBUG_INIT_1 (Resumed, USER_REQUEST)
(14:38:14.298) INFO: [TadState] TAD state changed from DEBUG_INIT_1 to DEBUG_SUSPENDED (Suspended, BREAKPOINT)
(14:38:16.189) INFO: [TadState] TAD state changed from DEBUG_SUSPENDED to DEBUG_RESUMED (Resumed, USER_REQUEST)
(15:11:10.229) INFO: [TadModel] DSF session ID 31 has started
(15:12:25.839) INFO: [TadState] TAD state changed from DEBUG_STARTED to DEBUG_INIT_0 (Suspended, SIGNAL)
(15:12:28.025) INFO: [TadModel] DSF session ID 30 has ended
(15:12:29.411) INFO: [TadState] TAD state changed from NONE to DEBUG_INIT_0 (Suspended, USER_REQUEST)
(15:12:30.928) INFO: [TadState] TAD state changed from DEBUG_INIT_0 to DEBUG_INIT_1 (Resumed, USER_REQUEST)
(15:12:30.955) INFO: [TadState] TAD state changed from DEBUG_INIT_1 to DEBUG_SUSPENDED (Suspended, BREAKPOINT)
(15:12:34.846) INFO: [TadState] TAD state changed from DEBUG_SUSPENDED to DEBUG_RESUMED (Resumed, USER_REQUEST)
(15:13:29.168) INFO: [TadModel] DSF session ID 32 has started
(15:13:30.969) INFO: [TadState] TAD state changed from DEBUG_STARTED to DEBUG_INIT_0 (Suspended, SIGNAL)
(15:13:32.362) INFO: [TadModel] DSF session ID 31 has ended
(15:13:34.078) INFO: [TadState] TAD state changed from NONE to DEBUG_INIT_0 (Suspended, USER_REQUEST)
(15:13:35.622) INFO: [TadState] TAD state changed from DEBUG_INIT_0 to DEBUG_INIT_1 (Resumed, USER_REQUEST)
(15:13:35.647) INFO: [TadState] TAD state changed from DEBUG_INIT_1 to DEBUG_SUSPENDED (Suspended, BREAKPOINT)
(15:13:38.021) INFO: [TadState] TAD state changed from DEBUG_SUSPENDED to DEBUG_RESUMED (Resumed, USER_REQUEST)
(16:06:11.588) INFO: [TadModel] DSF session ID 33 has started
(16:06:14.136) INFO: [TadState] TAD state changed from DEBUG_STARTED to DEBUG_INIT_0 (Suspended, SIGNAL)
(16:06:15.570) INFO: [TadModel] DSF session ID 32 has ended
(16:06:19.443) INFO: [TadState] TAD state changed from NONE to DEBUG_INIT_0 (Suspended, USER_REQUEST)
(16:06:21.681) INFO: [TadState] TAD state changed from DEBUG_INIT_0 to DEBUG_INIT_1 (Resumed, USER_REQUEST)
(16:06:21.709) INFO: [TadState] TAD state changed from DEBUG_INIT_1 to DEBUG_SUSPENDED (Suspended, BREAKPOINT)
(16:06:24.962) INFO: [TadState] TAD state changed from DEBUG_SUSPENDED to DEBUG_RESUMED (Resumed, USER_REQUEST)
(16:06:30.904) INFO: [TadModel] DSF session ID 34 has started
(16:06:32.369) INFO: [TadState] TAD state changed from DEBUG_STARTED to DEBUG_INIT_0 (Suspended, SIGNAL)
(16:06:33.763) INFO: [TadModel] DSF session ID 33 has ended
(16:06:34.940) INFO: [TadState] TAD state changed from NONE to DEBUG_INIT_0 (Suspended, USER_REQUEST)
(16:06:36.486) INFO: [TadState] TAD state changed from DEBUG_INIT_0 to DEBUG_INIT_1 (Resumed, USER_REQUEST)
(16:06:36.513) INFO: [TadState] TAD state changed from DEBUG_INIT_1 to DEBUG_SUSPENDED (Suspended, BREAKPOINT)
(16:06:39.154) INFO: [TadState] TAD state changed from DEBUG_SUSPENDED to DEBUG_RESUMED (Resumed, USER_REQUEST)
(16:15:34.416) INFO: [TadModel] DSF session ID 35 has started
(16:15:35.855) INFO: [TadState] TAD state changed from DEBUG_STARTED to DEBUG_INIT_0 (Suspended, SIGNAL)
(16:15:39.242) INFO: [TadModel] DSF session ID 34 has ended
(16:15:42.479) INFO: [TadState] TAD state changed from NONE to DEBUG_INIT_0 (Suspended, USER_REQUEST)
(16:15:45.434) INFO: [TadState] TAD state changed from DEBUG_INIT_0 to DEBUG_INIT_1 (Resumed, USER_REQUEST)
(16:15:45.483) INFO: [TadState] TAD state changed from DEBUG_INIT_1 to DEBUG_SUSPENDED (Suspended, BREAKPOINT)
(16:15:49.557) INFO: [TadState] TAD state changed from DEBUG_SUSPENDED to DEBUG_RESUMED (Resumed, USER_REQUEST)
(16:33:55.582) INFO: [TadModel] DSF session ID 36 has started
