(12:53:39.606) INFO: [TadState] TAD state init (NONE)
(14:14:13.132) INFO: [TadModel] DSF session ID 0 has started
(14:14:15.431) INFO: [TadModel] DSF session ID 1 has started
(14:14:22.256) INFO: [TadState] TAD state changed from DEBUG_STARTED to DEBUG_INIT_0 (Suspended, USER_REQUEST)
(14:14:25.381) INFO: [TadState] TAD state changed from NONE to DEBUG_INIT_0 (Resumed, USER_REQUEST)
(14:14:25.385) INFO: [TadState] TAD state changed from DEBUG_INIT_0 to DEBUG_INIT_1 (Suspended, BREAKPOINT)
(14:14:46.857) INFO: [TadModel] DSF session ID 2 has started
(14:14:49.038) INFO: [TadState] TAD state changed from DEBUG_STARTED to DEBUG_INIT_0 (Suspended, USER_REQUEST)
(14:14:50.578) INFO: [TadState] TAD state changed from DEBUG_INIT_0 to DEBUG_INIT_1 (Resumed, USER_REQUEST)
(14:14:50.608) INFO: [TadState] TAD state changed from DEBUG_INIT_1 to DEBUG_SUSPENDED (Suspended, BREAKPOINT)
(14:14:52.264) INFO: [TadState] TAD state changed from DEBUG_SUSPENDED to DEBUG_RESUMED (Resumed, USER_REQUEST)
(14:14:54.429) INFO: [TadState] TAD state changed from DEBUG_RESUMED to READY (Suspended, SIGNAL)
(14:14:54.938) ReadingException: com.freescale.mqx.gdb.tad.model.globalstatus.TadGlobalStatusFactory.isMqxDataValid() at 60.line "readLongVariableSafely(_mqx_kernel_data)"
(14:14:54.939) ERROR: [TadGlobalStatusFactory] Kernel Data NOT valid (pointer: 0x0000)
(14:14:54.939) ERROR: [TadGlobalStatusFactory] MQX data not valid!
(14:14:54.940) INFO: [TadModel$3] Loading of TAD Global Status took 506 ms
(14:14:54.940) INFO: [TadGlobalStatusController] TAD global status data is ready!
(14:14:55.877) INFO: [TadModel] DSF session ID 2 has ended
(14:34:10.280) INFO: [TadModel] DSF session ID 3 has started
(14:34:15.064) INFO: [TadModel] DSF session ID 4 has started
(14:34:16.479) INFO: [TadState] TAD state changed from DEBUG_STARTED to DEBUG_INIT_0 (Suspended, USER_REQUEST)
(14:34:18.814) INFO: [TadState] TAD state changed from DEBUG_INIT_0 to DEBUG_INIT_1 (Resumed, USER_REQUEST)
(14:34:18.845) INFO: [TadState] TAD state changed from DEBUG_INIT_1 to DEBUG_SUSPENDED (Suspended, BREAKPOINT)
(14:34:20.705) INFO: [TadModel] DSF session ID 3 has ended
(14:34:22.443) INFO: [TadState] TAD state changed from NONE to DEBUG_INIT_0 (Suspended, USER_REQUEST)
(14:34:24.189) INFO: [TadState] TAD state changed from DEBUG_INIT_0 to DEBUG_INIT_1 (Resumed, USER_REQUEST)
(14:34:24.217) INFO: [TadState] TAD state changed from DEBUG_INIT_1 to DEBUG_SUSPENDED (Suspended, BREAKPOINT)
(14:34:27.081) INFO: [TadModel] DSF session ID 4 has ended
(14:34:33.176) INFO: [TadModel] DSF session ID 5 has started
(14:34:39.247) INFO: [TadState] TAD state changed from DEBUG_STARTED to DEBUG_INIT_0 (Suspended, USER_REQUEST)
(14:34:40.696) INFO: [TadState] TAD state changed from DEBUG_INIT_0 to DEBUG_INIT_1 (Resumed, USER_REQUEST)
(14:34:40.725) INFO: [TadState] TAD state changed from DEBUG_INIT_1 to DEBUG_SUSPENDED (Suspended, BREAKPOINT)
(14:34:44.219) INFO: [TadModel] DSF session ID 5 has ended
(14:35:00.608) INFO: [TadModel] DSF session ID 6 has started
(14:35:07.509) INFO: [TadState] TAD state changed from DEBUG_STARTED to DEBUG_INIT_0 (Suspended, USER_REQUEST)
(14:35:09.003) INFO: [TadState] TAD state changed from DEBUG_INIT_0 to DEBUG_INIT_1 (Resumed, USER_REQUEST)
(14:35:09.033) INFO: [TadState] TAD state changed from DEBUG_INIT_1 to DEBUG_SUSPENDED (Suspended, BREAKPOINT)
(14:35:11.606) INFO: [TadModel] DSF session ID 6 has ended
(14:37:06.236) INFO: [TadModel] DSF session ID 7 has started
(14:37:09.378) INFO: [TadState] TAD state changed from DEBUG_STARTED to DEBUG_INIT_0 (Suspended, USER_REQUEST)
(14:37:10.889) INFO: [TadState] TAD state changed from DEBUG_INIT_0 to DEBUG_INIT_1 (Resumed, USER_REQUEST)
(14:37:10.918) INFO: [TadState] TAD state changed from DEBUG_INIT_1 to DEBUG_SUSPENDED (Suspended, BREAKPOINT)
(14:37:14.033) INFO: [TadModel] DSF session ID 7 has ended
(14:37:50.074) INFO: [TadModel] DSF session ID 8 has started
(14:37:50.292) INFO: [TadModel] DSF session ID 9 has started
(14:37:54.087) INFO: [TadState] TAD state changed from DEBUG_STARTED to DEBUG_INIT_0 (Suspended, USER_REQUEST)
(14:37:55.520) INFO: [TadState] TAD state changed from DEBUG_INIT_0 to DEBUG_INIT_1 (Resumed, USER_REQUEST)
(14:37:55.550) INFO: [TadState] TAD state changed from DEBUG_INIT_1 to DEBUG_SUSPENDED (Suspended, BREAKPOINT)
(14:37:56.826) INFO: [TadModel] DSF session ID 8 has ended
(14:38:09.013) INFO: [TadModel] DSF session ID 10 has started
(14:38:11.871) INFO: [TadModel] DSF session ID 9 has ended
(14:38:13.465) INFO: [TadState] TAD state changed from NONE to DEBUG_INIT_0 (Suspended, USER_REQUEST)
(14:38:15.801) INFO: [TadState] TAD state changed from DEBUG_INIT_0 to DEBUG_INIT_1 (Resumed, USER_REQUEST)
(14:38:15.828) INFO: [TadState] TAD state changed from DEBUG_INIT_1 to DEBUG_SUSPENDED (Suspended, BREAKPOINT)
(14:38:18.756) INFO: [TadState] TAD state changed from DEBUG_SUSPENDED to DEBUG_RESUMED (Resumed, USER_REQUEST)
(15:26:09.182) INFO: [TadState] TAD state changed from DEBUG_RESUMED to READY (Suspended, SIGNAL)
(15:26:09.689) ReadingException: com.freescale.mqx.gdb.tad.model.globalstatus.TadGlobalStatusFactory.isMqxDataValid() at 60.line "readLongVariableSafely(_mqx_kernel_data)"
(15:26:09.690) ERROR: [TadGlobalStatusFactory] Kernel Data NOT valid (pointer: 0x0000)
(15:26:09.691) ERROR: [TadGlobalStatusFactory] MQX data not valid!
(15:26:09.692) INFO: [TadModel$3] Loading of TAD Global Status took 505 ms
(15:26:09.693) INFO: [TadGlobalStatusController] TAD global status data is ready!
