(12:49:12.031) INFO: [TadState] TAD state init (NONE)
(13:57:12.221) INFO: [TadModel] DSF session ID 0 has started
(13:57:24.182) INFO: [TadState] TAD state changed from DEBUG_STARTED to DEBUG_INIT_0 (Suspended, USER_REQUEST)
(13:57:26.269) INFO: [TadState] TAD state changed from DEBUG_INIT_0 to DEBUG_INIT_1 (Resumed, USER_REQUEST)
(13:57:26.295) INFO: [TadState] TAD state changed from DEBUG_INIT_1 to DEBUG_SUSPENDED (Suspended, BREAKPOINT)
(13:57:27.950) INFO: [TadState] TAD state changed from DEBUG_SUSPENDED to DEBUG_RESUMED (Resumed, USER_REQUEST)
(13:58:15.256) INFO: [TadState] TAD state changed from DEBUG_RESUMED to READY (Suspended, SIGNAL)
(13:58:15.767) ReadingException: com.freescale.mqx.gdb.tad.model.globalstatus.TadGlobalStatusFactory.isMqxDataValid() at 60.line "readLongVariableSafely(_mqx_kernel_data)"
(13:58:15.767) ERROR: [TadGlobalStatusFactory] Kernel Data NOT valid (pointer: 0x0000)
(13:58:15.777) ERROR: [TadGlobalStatusFactory] MQX data not valid!
(13:58:15.777) INFO: [TadModel$3] Loading of TAD Global Status took 518 ms
(13:58:15.777) INFO: [TadGlobalStatusController] TAD global status data is ready!
(13:58:16.704) INFO: [TadModel] DSF session ID 0 has ended
(13:59:10.798) INFO: [TadModel] DSF session ID 1 has started
(13:59:13.807) INFO: [TadState] TAD state changed from DEBUG_STARTED to DEBUG_INIT_0 (Suspended, USER_REQUEST)
(13:59:16.187) INFO: [TadState] TAD state changed from DEBUG_INIT_0 to DEBUG_INIT_1 (Resumed, USER_REQUEST)
(13:59:16.207) INFO: [TadState] TAD state changed from DEBUG_INIT_1 to DEBUG_SUSPENDED (Suspended, BREAKPOINT)
(13:59:17.574) INFO: [TadState] TAD state changed from DEBUG_SUSPENDED to DEBUG_RESUMED (Resumed, USER_REQUEST)
(13:59:28.782) INFO: [TadState] TAD state changed from DEBUG_RESUMED to READY (Suspended, SIGNAL)
(13:59:29.291) ReadingException: com.freescale.mqx.gdb.tad.model.globalstatus.TadGlobalStatusFactory.isMqxDataValid() at 60.line "readLongVariableSafely(_mqx_kernel_data)"
(13:59:29.291) ERROR: [TadGlobalStatusFactory] Kernel Data NOT valid (pointer: 0x0000)
(13:59:29.291) ERROR: [TadGlobalStatusFactory] MQX data not valid!
(13:59:29.291) INFO: [TadModel$3] Loading of TAD Global Status took 504 ms
(13:59:29.291) INFO: [TadGlobalStatusController] TAD global status data is ready!
(13:59:30.200) INFO: [TadModel] DSF session ID 1 has ended
(15:05:15.332) INFO: [TadModel] DSF session ID 2 has started
(15:05:19.807) INFO: [TadState] TAD state changed from DEBUG_STARTED to DEBUG_INIT_0 (Suspended, USER_REQUEST)
(15:05:22.147) INFO: [TadState] TAD state changed from DEBUG_INIT_0 to DEBUG_INIT_1 (Resumed, USER_REQUEST)
(15:05:22.177) INFO: [TadState] TAD state changed from DEBUG_INIT_1 to DEBUG_SUSPENDED (Suspended, BREAKPOINT)
(15:05:31.273) INFO: [TadState] TAD state changed from DEBUG_SUSPENDED to DEBUG_RESUMED (Resumed, USER_REQUEST)
