(17:23:43.107) INFO: [TadState] TAD state init (NONE)
(18:15:00.022) INFO: [TadModel] DSF session ID 0 has started
(18:15:05.215) INFO: [TadState] TAD state changed from DEBUG_STARTED to DEBUG_INIT_0 (Suspended, USER_REQUEST)
(18:15:07.380) INFO: [TadState] TAD state changed from DEBUG_INIT_0 to DEBUG_INIT_1 (Resumed, USER_REQUEST)
(18:15:07.406) INFO: [TadState] TAD state changed from DEBUG_INIT_1 to DEBUG_SUSPENDED (Suspended, BREAKPOINT)
(18:15:16.937) INFO: [TadState] TAD state changed from DEBUG_SUSPENDED to DEBUG_RESUMED (Resumed, USER_REQUEST)
(18:15:22.356) INFO: [TadState] TAD state changed from DEBUG_RESUMED to READY (Suspended, SIGNAL)
(18:15:22.866) ReadingException: com.freescale.mqx.gdb.tad.model.globalstatus.TadGlobalStatusFactory.isMqxDataValid() at 60.line "readLongVariableSafely(_mqx_kernel_data)"
(18:15:22.867) ERROR: [TadGlobalStatusFactory] Kernel Data NOT valid (pointer: 0x0000)
(18:15:22.867) ERROR: [TadGlobalStatusFactory] MQX data not valid!
(18:15:22.867) INFO: [TadModel$3] Loading of TAD Global Status took 504 ms
(18:15:22.868) INFO: [TadGlobalStatusController] TAD global status data is ready!
(18:15:23.818) INFO: [TadModel] DSF session ID 0 has ended
(18:19:18.195) INFO: [TadModel] DSF session ID 1 has started
(18:19:20.443) INFO: [TadModel] DSF session ID 2 has started
(18:19:21.415) INFO: [TadState] TAD state changed from DEBUG_STARTED to DEBUG_INIT_0 (Suspended, USER_REQUEST)
(18:19:23.674) INFO: [TadState] TAD state changed from DEBUG_INIT_0 to DEBUG_INIT_1 (Resumed, USER_REQUEST)
(18:19:23.701) INFO: [TadState] TAD state changed from DEBUG_INIT_1 to DEBUG_SUSPENDED (Suspended, BREAKPOINT)
(18:19:25.265) INFO: [TadModel] DSF session ID 2 has ended
(18:19:25.448) INFO: [TadState] TAD state changed from NONE to DEBUG_INIT_0 (Resumed, USER_REQUEST)
(18:19:29.926) INFO: [TadState] TAD state changed from DEBUG_INIT_0 to DEBUG_INIT_1 (Suspended, SIGNAL)
(18:19:31.318) INFO: [TadModel] DSF session ID 1 has ended
(18:21:27.340) INFO: [TadModel] DSF session ID 3 has started
(18:21:30.080) INFO: [TadState] TAD state changed from DEBUG_STARTED to DEBUG_INIT_0 (Suspended, USER_REQUEST)
(18:21:32.390) INFO: [TadState] TAD state changed from DEBUG_INIT_0 to DEBUG_INIT_1 (Resumed, USER_REQUEST)
(18:21:32.422) INFO: [TadState] TAD state changed from DEBUG_INIT_1 to DEBUG_SUSPENDED (Suspended, BREAKPOINT)
(18:21:33.292) INFO: [TadState] TAD state changed from DEBUG_SUSPENDED to DEBUG_RESUMED (Resumed, USER_REQUEST)
(18:21:35.726) INFO: [TadState] TAD state changed from DEBUG_RESUMED to READY (Suspended, SIGNAL)
(18:21:36.237) ReadingException: com.freescale.mqx.gdb.tad.model.globalstatus.TadGlobalStatusFactory.isMqxDataValid() at 60.line "readLongVariableSafely(_mqx_kernel_data)"
(18:21:36.237) ERROR: [TadGlobalStatusFactory] Kernel Data NOT valid (pointer: 0x0000)
(18:21:36.237) ERROR: [TadGlobalStatusFactory] MQX data not valid!
(18:21:36.237) INFO: [TadModel$3] Loading of TAD Global Status took 502 ms
(18:21:36.238) INFO: [TadGlobalStatusController] TAD global status data is ready!
(18:21:37.162) INFO: [TadModel] DSF session ID 3 has ended
(18:22:22.705) INFO: [TadModel] DSF session ID 4 has started
(18:22:24.439) INFO: [TadModel] DSF session ID 5 has started
(18:22:25.430) INFO: [TadState] TAD state changed from DEBUG_STARTED to DEBUG_INIT_0 (Suspended, USER_REQUEST)
(18:22:27.638) INFO: [TadState] TAD state changed from DEBUG_INIT_0 to DEBUG_INIT_1 (Resumed, USER_REQUEST)
(18:22:27.667) INFO: [TadState] TAD state changed from DEBUG_INIT_1 to DEBUG_SUSPENDED (Suspended, BREAKPOINT)
(18:22:28.880) INFO: [TadState] TAD state changed from DEBUG_SUSPENDED to DEBUG_RESUMED (Resumed, USER_REQUEST)
(18:22:29.241) INFO: [TadModel] DSF session ID 5 has ended
(18:22:33.667) INFO: [TadState] TAD state changed from NONE to DEBUG_INIT_0 (Suspended, SIGNAL)
(18:22:35.075) INFO: [TadModel] DSF session ID 4 has ended
(18:22:46.752) INFO: [TadModel] DSF session ID 6 has started
(18:22:48.879) INFO: [TadModel] DSF session ID 7 has started
(18:22:49.620) INFO: [TadState] TAD state changed from DEBUG_STARTED to DEBUG_INIT_0 (Suspended, USER_REQUEST)
(18:22:51.824) INFO: [TadState] TAD state changed from DEBUG_INIT_0 to DEBUG_INIT_1 (Resumed, USER_REQUEST)
(18:22:51.853) INFO: [TadState] TAD state changed from DEBUG_INIT_1 to DEBUG_SUSPENDED (Suspended, BREAKPOINT)
(18:22:53.785) INFO: [TadModel] DSF session ID 7 has ended
(18:22:54.052) INFO: [TadModel] DSF session ID 6 has ended
(18:22:57.737) INFO: [TadModel] DSF session ID 8 has started
(18:22:59.813) INFO: [TadState] TAD state changed from DEBUG_STARTED to DEBUG_INIT_0 (Suspended, USER_REQUEST)
(18:23:01.416) INFO: [TadState] TAD state changed from DEBUG_INIT_0 to DEBUG_INIT_1 (Resumed, USER_REQUEST)
(18:23:01.450) INFO: [TadState] TAD state changed from DEBUG_INIT_1 to DEBUG_SUSPENDED (Suspended, BREAKPOINT)
(18:23:04.223) INFO: [TadState] TAD state changed from DEBUG_SUSPENDED to DEBUG_RESUMED (Resumed, USER_REQUEST)
(18:23:35.381) INFO: [TadState] TAD state changed from DEBUG_RESUMED to READY (Suspended, SIGNAL)
(18:23:35.896) ReadingException: com.freescale.mqx.gdb.tad.model.globalstatus.TadGlobalStatusFactory.isMqxDataValid() at 60.line "readLongVariableSafely(_mqx_kernel_data)"
(18:23:35.897) ERROR: [TadGlobalStatusFactory] Kernel Data NOT valid (pointer: 0x0000)
(18:23:35.897) ERROR: [TadGlobalStatusFactory] MQX data not valid!
(18:23:35.898) INFO: [TadModel$3] Loading of TAD Global Status took 506 ms
(18:23:35.899) INFO: [TadGlobalStatusController] TAD global status data is ready!
(18:23:36.887) INFO: [TadModel] DSF session ID 8 has ended
(18:24:13.083) INFO: [TadModel] DSF session ID 9 has started
(18:24:15.777) INFO: [TadState] TAD state changed from DEBUG_STARTED to DEBUG_INIT_0 (Suspended, USER_REQUEST)
(18:24:17.272) INFO: [TadState] TAD state changed from DEBUG_INIT_0 to DEBUG_INIT_1 (Resumed, USER_REQUEST)
(18:24:17.298) INFO: [TadState] TAD state changed from DEBUG_INIT_1 to DEBUG_SUSPENDED (Suspended, BREAKPOINT)
(18:24:18.210) INFO: [TadState] TAD state changed from DEBUG_SUSPENDED to DEBUG_RESUMED (Resumed, USER_REQUEST)
(18:24:20.262) INFO: [TadState] TAD state changed from DEBUG_RESUMED to READY (Suspended, SIGNAL)
(18:24:20.766) ReadingException: com.freescale.mqx.gdb.tad.model.globalstatus.TadGlobalStatusFactory.isMqxDataValid() at 60.line "readLongVariableSafely(_mqx_kernel_data)"
(18:24:20.766) ERROR: [TadGlobalStatusFactory] Kernel Data NOT valid (pointer: 0x0000)
(18:24:20.766) ERROR: [TadGlobalStatusFactory] MQX data not valid!
(18:24:20.766) INFO: [TadModel$3] Loading of TAD Global Status took 501 ms
(18:24:20.766) INFO: [TadGlobalStatusController] TAD global status data is ready!
(18:24:21.644) INFO: [TadModel] DSF session ID 9 has ended
(18:24:34.730) INFO: [TadModel] DSF session ID 10 has started
(18:24:38.871) INFO: [TadModel] DSF session ID 10 has ended
(18:24:54.141) INFO: [TadModel] DSF session ID 11 has started
(18:25:03.492) INFO: [TadModel] DSF session ID 11 has ended
(18:25:22.782) INFO: [TadModel] DSF session ID 12 has started
(18:25:24.516) INFO: [TadState] TAD state changed from DEBUG_STARTED to DEBUG_INIT_0 (Suspended, USER_REQUEST)
(18:25:26.727) INFO: [TadState] TAD state changed from DEBUG_INIT_0 to DEBUG_INIT_1 (Resumed, USER_REQUEST)
(18:25:26.757) INFO: [TadState] TAD state changed from DEBUG_INIT_1 to DEBUG_SUSPENDED (Suspended, BREAKPOINT)
(18:25:28.613) INFO: [TadState] TAD state changed from DEBUG_SUSPENDED to DEBUG_RESUMED (Resumed, USER_REQUEST)
(18:25:39.263) INFO: [TadState] TAD state changed from DEBUG_RESUMED to READY (Suspended, SIGNAL)
(18:25:39.772) ReadingException: com.freescale.mqx.gdb.tad.model.globalstatus.TadGlobalStatusFactory.isMqxDataValid() at 60.line "readLongVariableSafely(_mqx_kernel_data)"
(18:25:39.773) ERROR: [TadGlobalStatusFactory] Kernel Data NOT valid (pointer: 0x0000)
(18:25:39.774) ERROR: [TadGlobalStatusFactory] MQX data not valid!
(18:25:39.774) INFO: [TadModel$3] Loading of TAD Global Status took 505 ms
(18:25:39.775) INFO: [TadGlobalStatusController] TAD global status data is ready!
(18:25:40.203) INFO: [TadModel] DSF session ID 12 has ended
(18:30:00.922) INFO: [TadModel] DSF session ID 13 has started
(18:30:02.920) INFO: [TadState] TAD state changed from DEBUG_STARTED to DEBUG_INIT_0 (Suspended, USER_REQUEST)
(18:30:04.374) INFO: [TadState] TAD state changed from DEBUG_INIT_0 to DEBUG_INIT_1 (Resumed, USER_REQUEST)
(18:30:04.399) INFO: [TadState] TAD state changed from DEBUG_INIT_1 to DEBUG_SUSPENDED (Suspended, BREAKPOINT)
(18:30:07.158) INFO: [TadState] TAD state changed from DEBUG_SUSPENDED to DEBUG_RESUMED (Resumed, USER_REQUEST)
(18:30:15.975) INFO: [TadState] TAD state changed from DEBUG_RESUMED to READY (Suspended, SIGNAL)
(18:30:16.486) ReadingException: com.freescale.mqx.gdb.tad.model.globalstatus.TadGlobalStatusFactory.isMqxDataValid() at 60.line "readLongVariableSafely(_mqx_kernel_data)"
(18:30:16.486) ERROR: [TadGlobalStatusFactory] Kernel Data NOT valid (pointer: 0x0000)
(18:30:16.486) ERROR: [TadGlobalStatusFactory] MQX data not valid!
(18:30:16.486) INFO: [TadModel$3] Loading of TAD Global Status took 504 ms
(18:30:16.486) INFO: [TadGlobalStatusController] TAD global status data is ready!
(18:30:16.886) INFO: [TadModel] DSF session ID 13 has ended
(18:33:30.919) INFO: [TadModel] DSF session ID 14 has started
(18:33:32.880) INFO: [TadState] TAD state changed from DEBUG_STARTED to DEBUG_INIT_0 (Suspended, USER_REQUEST)
(18:33:34.411) INFO: [TadState] TAD state changed from DEBUG_INIT_0 to DEBUG_INIT_1 (Resumed, USER_REQUEST)
(18:33:34.439) INFO: [TadState] TAD state changed from DEBUG_INIT_1 to DEBUG_SUSPENDED (Suspended, BREAKPOINT)
(18:36:14.033) INFO: [TadModel] DSF session ID 14 has ended
(18:43:57.355) INFO: [TadModel] DSF session ID 15 has started
(18:43:59.907) INFO: [TadState] TAD state changed from DEBUG_STARTED to DEBUG_INIT_0 (Suspended, USER_REQUEST)
(18:44:01.502) INFO: [TadState] TAD state changed from DEBUG_INIT_0 to DEBUG_INIT_1 (Resumed, USER_REQUEST)
(18:44:01.537) INFO: [TadState] TAD state changed from DEBUG_INIT_1 to DEBUG_SUSPENDED (Suspended, BREAKPOINT)
(18:44:03.028) INFO: [TadState] TAD state changed from DEBUG_SUSPENDED to DEBUG_RESUMED (Resumed, USER_REQUEST)
(18:44:08.264) INFO: [TadState] TAD state changed from DEBUG_RESUMED to READY (Suspended, SIGNAL)
(18:44:08.771) ReadingException: com.freescale.mqx.gdb.tad.model.globalstatus.TadGlobalStatusFactory.isMqxDataValid() at 60.line "readLongVariableSafely(_mqx_kernel_data)"
(18:44:08.771) ERROR: [TadGlobalStatusFactory] Kernel Data NOT valid (pointer: 0x0000)
(18:44:08.771) ERROR: [TadGlobalStatusFactory] MQX data not valid!
(18:44:08.772) INFO: [TadModel$3] Loading of TAD Global Status took 504 ms
(18:44:08.772) INFO: [TadGlobalStatusController] TAD global status data is ready!
(18:44:09.691) INFO: [TadModel] DSF session ID 15 has ended
(18:45:07.471) INFO: [TadModel] DSF session ID 16 has started
(18:45:14.844) INFO: [TadModel] DSF session ID 16 has ended
(18:45:28.813) INFO: [TadModel] DSF session ID 17 has started
(18:45:30.580) INFO: [TadState] TAD state changed from DEBUG_STARTED to DEBUG_INIT_0 (Suspended, USER_REQUEST)
(18:45:32.858) INFO: [TadState] TAD state changed from DEBUG_INIT_0 to DEBUG_INIT_1 (Resumed, USER_REQUEST)
(18:45:32.886) INFO: [TadState] TAD state changed from DEBUG_INIT_1 to DEBUG_SUSPENDED (Suspended, BREAKPOINT)
(18:46:06.537) INFO: [TadModel] DSF session ID 17 has ended
(18:46:17.072) INFO: [TadModel] DSF session ID 18 has started
(18:46:18.899) INFO: [TadState] TAD state changed from DEBUG_STARTED to DEBUG_INIT_0 (Suspended, USER_REQUEST)
(18:46:20.390) INFO: [TadState] TAD state changed from DEBUG_INIT_0 to DEBUG_INIT_1 (Resumed, USER_REQUEST)
(18:46:20.419) INFO: [TadState] TAD state changed from DEBUG_INIT_1 to DEBUG_SUSPENDED (Suspended, BREAKPOINT)
(18:46:21.930) INFO: [TadState] TAD state changed from DEBUG_SUSPENDED to DEBUG_RESUMED (Resumed, USER_REQUEST)
(18:46:25.366) INFO: [TadState] TAD state changed from DEBUG_RESUMED to READY (Suspended, SIGNAL)
(18:46:25.871) ReadingException: com.freescale.mqx.gdb.tad.model.globalstatus.TadGlobalStatusFactory.isMqxDataValid() at 60.line "readLongVariableSafely(_mqx_kernel_data)"
(18:46:25.871) ERROR: [TadGlobalStatusFactory] Kernel Data NOT valid (pointer: 0x0000)
(18:46:25.871) ERROR: [TadGlobalStatusFactory] MQX data not valid!
(18:46:25.871) INFO: [TadModel$3] Loading of TAD Global Status took 501 ms
(18:46:25.871) INFO: [TadGlobalStatusController] TAD global status data is ready!
(18:46:26.269) INFO: [TadModel] DSF session ID 18 has ended
(18:47:27.993) INFO: [TadModel] DSF session ID 19 has started
(18:47:34.845) INFO: [TadModel] DSF session ID 19 has ended
(18:47:47.752) INFO: [TadModel] DSF session ID 20 has started
(18:47:49.531) INFO: [TadState] TAD state changed from DEBUG_STARTED to DEBUG_INIT_0 (Suspended, USER_REQUEST)
(18:47:51.748) INFO: [TadState] TAD state changed from DEBUG_INIT_0 to DEBUG_INIT_1 (Resumed, USER_REQUEST)
(18:47:51.778) INFO: [TadState] TAD state changed from DEBUG_INIT_1 to DEBUG_SUSPENDED (Suspended, BREAKPOINT)
(18:47:55.002) INFO: [TadState] TAD state changed from DEBUG_SUSPENDED to DEBUG_RESUMED (Resumed, USER_REQUEST)
(18:48:00.181) INFO: [TadState] TAD state changed from DEBUG_RESUMED to READY (Suspended, SIGNAL)
(18:48:00.691) ReadingException: com.freescale.mqx.gdb.tad.model.globalstatus.TadGlobalStatusFactory.isMqxDataValid() at 60.line "readLongVariableSafely(_mqx_kernel_data)"
(18:48:00.691) ERROR: [TadGlobalStatusFactory] Kernel Data NOT valid (pointer: 0x0000)
(18:48:00.691) ERROR: [TadGlobalStatusFactory] MQX data not valid!
(18:48:00.691) INFO: [TadModel$3] Loading of TAD Global Status took 502 ms
(18:48:00.692) INFO: [TadGlobalStatusController] TAD global status data is ready!
(18:48:01.546) INFO: [TadModel] DSF session ID 20 has ended
(18:50:04.693) INFO: [TadModel] DSF session ID 21 has started
(18:50:07.439) INFO: [TadState] TAD state changed from DEBUG_STARTED to DEBUG_INIT_0 (Suspended, USER_REQUEST)
(18:50:09.656) INFO: [TadState] TAD state changed from DEBUG_INIT_0 to DEBUG_INIT_1 (Resumed, USER_REQUEST)
(18:50:09.683) INFO: [TadState] TAD state changed from DEBUG_INIT_1 to DEBUG_SUSPENDED (Suspended, BREAKPOINT)
(18:50:13.401) INFO: [TadState] TAD state changed from DEBUG_SUSPENDED to DEBUG_RESUMED (Resumed, USER_REQUEST)
(18:50:34.838) INFO: [TadState] TAD state changed from DEBUG_RESUMED to READY (Suspended, SIGNAL)
(18:50:35.344) ReadingException: com.freescale.mqx.gdb.tad.model.globalstatus.TadGlobalStatusFactory.isMqxDataValid() at 60.line "readLongVariableSafely(_mqx_kernel_data)"
(18:50:35.344) ERROR: [TadGlobalStatusFactory] Kernel Data NOT valid (pointer: 0x0000)
(18:50:35.344) ERROR: [TadGlobalStatusFactory] MQX data not valid!
(18:50:35.344) INFO: [TadModel$3] Loading of TAD Global Status took 503 ms
(18:50:35.344) INFO: [TadGlobalStatusController] TAD global status data is ready!
(18:50:35.764) INFO: [TadModel] DSF session ID 21 has ended
(18:52:09.199) INFO: [TadModel] DSF session ID 22 has started
(18:52:11.981) INFO: [TadState] TAD state changed from DEBUG_STARTED to DEBUG_INIT_0 (Suspended, USER_REQUEST)
(18:52:14.214) INFO: [TadState] TAD state changed from DEBUG_INIT_0 to DEBUG_INIT_1 (Resumed, USER_REQUEST)
(18:52:14.241) INFO: [TadState] TAD state changed from DEBUG_INIT_1 to DEBUG_SUSPENDED (Suspended, BREAKPOINT)
(18:52:15.355) INFO: [TadState] TAD state changed from DEBUG_SUSPENDED to DEBUG_RESUMED (Resumed, USER_REQUEST)
(18:52:51.581) INFO: [TadState] TAD state changed from DEBUG_RESUMED to READY (Suspended, SIGNAL)
(18:52:52.087) ReadingException: com.freescale.mqx.gdb.tad.model.globalstatus.TadGlobalStatusFactory.isMqxDataValid() at 60.line "readLongVariableSafely(_mqx_kernel_data)"
(18:52:52.087) ERROR: [TadGlobalStatusFactory] Kernel Data NOT valid (pointer: 0x0000)
(18:52:52.088) ERROR: [TadGlobalStatusFactory] MQX data not valid!
(18:52:52.088) INFO: [TadModel$3] Loading of TAD Global Status took 503 ms
(18:52:52.088) INFO: [TadGlobalStatusController] TAD global status data is ready!
(18:52:52.977) INFO: [TadModel] DSF session ID 22 has ended
(18:53:35.936) INFO: [TadModel] DSF session ID 23 has started
(18:53:38.637) INFO: [TadState] TAD state changed from DEBUG_STARTED to DEBUG_INIT_0 (Suspended, USER_REQUEST)
(18:53:40.795) INFO: [TadState] TAD state changed from DEBUG_INIT_0 to DEBUG_INIT_1 (Resumed, USER_REQUEST)
(18:53:40.816) INFO: [TadState] TAD state changed from DEBUG_INIT_1 to DEBUG_SUSPENDED (Suspended, BREAKPOINT)
(18:53:41.893) INFO: [TadState] TAD state changed from DEBUG_SUSPENDED to DEBUG_RESUMED (Resumed, USER_REQUEST)
(18:53:51.494) INFO: [TadState] TAD state changed from DEBUG_RESUMED to READY (Suspended, SIGNAL)
(18:53:51.999) ReadingException: com.freescale.mqx.gdb.tad.model.globalstatus.TadGlobalStatusFactory.isMqxDataValid() at 60.line "readLongVariableSafely(_mqx_kernel_data)"
(18:53:52.000) ERROR: [TadGlobalStatusFactory] Kernel Data NOT valid (pointer: 0x0000)
(18:53:52.000) ERROR: [TadGlobalStatusFactory] MQX data not valid!
(18:53:52.001) INFO: [TadModel$3] Loading of TAD Global Status took 504 ms
(18:53:52.001) INFO: [TadGlobalStatusController] TAD global status data is ready!
(18:53:52.895) INFO: [TadModel] DSF session ID 23 has ended
(18:54:52.386) INFO: [TadModel] DSF session ID 24 has started
(18:54:55.166) INFO: [TadState] TAD state changed from DEBUG_STARTED to DEBUG_INIT_0 (Suspended, USER_REQUEST)
(18:54:57.381) INFO: [TadState] TAD state changed from DEBUG_INIT_0 to DEBUG_INIT_1 (Resumed, USER_REQUEST)
(18:54:57.409) INFO: [TadState] TAD state changed from DEBUG_INIT_1 to DEBUG_SUSPENDED (Suspended, BREAKPOINT)
(18:54:58.401) INFO: [TadState] TAD state changed from DEBUG_SUSPENDED to DEBUG_RESUMED (Resumed, USER_REQUEST)
(18:55:09.946) INFO: [TadState] TAD state changed from DEBUG_RESUMED to READY (Suspended, SIGNAL)
(18:55:10.451) ReadingException: com.freescale.mqx.gdb.tad.model.globalstatus.TadGlobalStatusFactory.isMqxDataValid() at 60.line "readLongVariableSafely(_mqx_kernel_data)"
(18:55:10.451) ERROR: [TadGlobalStatusFactory] Kernel Data NOT valid (pointer: 0x0000)
(18:55:10.452) ERROR: [TadGlobalStatusFactory] MQX data not valid!
(18:55:10.452) INFO: [TadModel$3] Loading of TAD Global Status took 501 ms
(18:55:10.453) INFO: [TadGlobalStatusController] TAD global status data is ready!
(18:55:11.330) INFO: [TadModel] DSF session ID 24 has ended
(18:58:29.765) INFO: [TadModel] DSF session ID 25 has started
(18:58:32.527) INFO: [TadState] TAD state changed from DEBUG_STARTED to DEBUG_INIT_0 (Suspended, USER_REQUEST)
(18:58:34.731) INFO: [TadState] TAD state changed from DEBUG_INIT_0 to DEBUG_INIT_1 (Resumed, USER_REQUEST)
(18:58:34.759) INFO: [TadState] TAD state changed from DEBUG_INIT_1 to DEBUG_SUSPENDED (Suspended, BREAKPOINT)
(18:58:36.377) INFO: [TadState] TAD state changed from DEBUG_SUSPENDED to DEBUG_RESUMED (Resumed, USER_REQUEST)
(18:58:41.385) INFO: [TadState] TAD state changed from DEBUG_RESUMED to READY (Suspended, SIGNAL)
(18:58:41.890) ReadingException: com.freescale.mqx.gdb.tad.model.globalstatus.TadGlobalStatusFactory.isMqxDataValid() at 60.line "readLongVariableSafely(_mqx_kernel_data)"
(18:58:41.890) ERROR: [TadGlobalStatusFactory] Kernel Data NOT valid (pointer: 0x0000)
(18:58:41.890) ERROR: [TadGlobalStatusFactory] MQX data not valid!
(18:58:41.890) INFO: [TadModel$3] Loading of TAD Global Status took 502 ms
(18:58:41.890) INFO: [TadGlobalStatusController] TAD global status data is ready!
(18:58:42.788) INFO: [TadModel] DSF session ID 25 has ended
(18:59:03.030) INFO: [TadModel] DSF session ID 26 has started
(18:59:05.687) INFO: [TadState] TAD state changed from DEBUG_STARTED to DEBUG_INIT_0 (Suspended, USER_REQUEST)
(18:59:07.894) INFO: [TadState] TAD state changed from DEBUG_INIT_0 to DEBUG_INIT_1 (Resumed, USER_REQUEST)
(18:59:07.926) INFO: [TadState] TAD state changed from DEBUG_INIT_1 to DEBUG_SUSPENDED (Suspended, BREAKPOINT)
(18:59:08.850) INFO: [TadState] TAD state changed from DEBUG_SUSPENDED to DEBUG_RESUMED (Resumed, USER_REQUEST)
(18:59:14.983) INFO: [TadState] TAD state changed from DEBUG_RESUMED to READY (Suspended, SIGNAL)
(18:59:15.490) ReadingException: com.freescale.mqx.gdb.tad.model.globalstatus.TadGlobalStatusFactory.isMqxDataValid() at 60.line "readLongVariableSafely(_mqx_kernel_data)"
(18:59:15.490) ERROR: [TadGlobalStatusFactory] Kernel Data NOT valid (pointer: 0x0000)
(18:59:15.490) ERROR: [TadGlobalStatusFactory] MQX data not valid!
(18:59:15.490) INFO: [TadModel$3] Loading of TAD Global Status took 503 ms
(18:59:15.490) INFO: [TadGlobalStatusController] TAD global status data is ready!
(18:59:16.480) INFO: [TadModel] DSF session ID 26 has ended
(18:59:50.396) INFO: [TadModel] DSF session ID 27 has started
(18:59:52.402) INFO: [TadState] TAD state changed from DEBUG_STARTED to DEBUG_INIT_0 (Suspended, USER_REQUEST)
(18:59:53.920) INFO: [TadState] TAD state changed from DEBUG_INIT_0 to DEBUG_INIT_1 (Resumed, USER_REQUEST)
(18:59:53.950) INFO: [TadState] TAD state changed from DEBUG_INIT_1 to DEBUG_SUSPENDED (Suspended, BREAKPOINT)
(18:59:58.748) INFO: [TadState] TAD state changed from DEBUG_SUSPENDED to DEBUG_RESUMED (Resumed, USER_REQUEST)
(19:26:09.186) INFO: [TadState] TAD state changed from DEBUG_RESUMED to READY (Suspended, SIGNAL)
(19:26:09.697) ReadingException: com.freescale.mqx.gdb.tad.model.globalstatus.TadGlobalStatusFactory.isMqxDataValid() at 60.line "readLongVariableSafely(_mqx_kernel_data)"
(19:26:09.697) ERROR: [TadGlobalStatusFactory] Kernel Data NOT valid (pointer: 0x0000)
(19:26:09.698) ERROR: [TadGlobalStatusFactory] MQX data not valid!
(19:26:09.698) INFO: [TadModel$3] Loading of TAD Global Status took 503 ms
(19:26:09.698) INFO: [TadGlobalStatusController] TAD global status data is ready!
(19:26:10.555) INFO: [TadModel] DSF session ID 27 has ended
(20:03:34.541) INFO: [TadModel] DSF session ID 28 has started
(20:03:43.693) INFO: [TadModel] DSF session ID 28 has ended
(20:04:01.929) INFO: [TadModel] DSF session ID 29 has started
(20:04:05.318) INFO: [TadModel] DSF session ID 30 has started
(20:04:05.631) INFO: [TadState] TAD state changed from DEBUG_STARTED to DEBUG_INIT_0 (Suspended, USER_REQUEST)
(20:04:08.954) INFO: [TadState] TAD state changed from DEBUG_INIT_0 to DEBUG_INIT_1 (Resumed, USER_REQUEST)
(20:04:08.982) INFO: [TadState] TAD state changed from DEBUG_INIT_1 to DEBUG_SUSPENDED (Suspended, BREAKPOINT)
(20:04:11.857) INFO: [TadState] TAD state changed from NONE to DEBUG_INIT_0 (Resumed, USER_REQUEST)
(20:04:11.859) INFO: [TadModel] DSF session ID 30 has ended
(20:04:17.168) INFO: [TadState] TAD state changed from DEBUG_INIT_0 to DEBUG_INIT_1 (Suspended, SIGNAL)
(20:04:18.088) INFO: [TadModel] DSF session ID 29 has ended
(20:04:34.351) INFO: [TadModel] DSF session ID 31 has started
(20:04:36.412) INFO: [TadState] TAD state changed from DEBUG_STARTED to DEBUG_INIT_0 (Suspended, USER_REQUEST)
(20:04:37.847) INFO: [TadState] TAD state changed from DEBUG_INIT_0 to DEBUG_INIT_1 (Resumed, USER_REQUEST)
(20:04:37.875) INFO: [TadState] TAD state changed from DEBUG_INIT_1 to DEBUG_SUSPENDED (Suspended, BREAKPOINT)
(20:04:44.649) INFO: [TadState] TAD state changed from DEBUG_SUSPENDED to DEBUG_RESUMED (Resumed, USER_REQUEST)
(20:04:48.983) INFO: [TadState] TAD state changed from DEBUG_RESUMED to READY (Suspended, SIGNAL)
(20:04:49.494) ReadingException: com.freescale.mqx.gdb.tad.model.globalstatus.TadGlobalStatusFactory.isMqxDataValid() at 60.line "readLongVariableSafely(_mqx_kernel_data)"
(20:04:49.494) ERROR: [TadGlobalStatusFactory] Kernel Data NOT valid (pointer: 0x0000)
(20:04:49.494) ERROR: [TadGlobalStatusFactory] MQX data not valid!
(20:04:49.494) INFO: [TadModel$3] Loading of TAD Global Status took 507 ms
(20:04:49.494) INFO: [TadGlobalStatusController] TAD global status data is ready!
(20:04:50.368) INFO: [TadModel] DSF session ID 31 has ended
(20:06:01.479) INFO: [TadModel] DSF session ID 32 has started
(20:06:04.209) INFO: [TadState] TAD state changed from DEBUG_STARTED to DEBUG_INIT_0 (Suspended, USER_REQUEST)
(20:06:06.386) INFO: [TadState] TAD state changed from DEBUG_INIT_0 to DEBUG_INIT_1 (Resumed, USER_REQUEST)
(20:06:06.413) INFO: [TadState] TAD state changed from DEBUG_INIT_1 to DEBUG_SUSPENDED (Suspended, BREAKPOINT)
(20:06:07.551) INFO: [TadState] TAD state changed from DEBUG_SUSPENDED to DEBUG_RESUMED (Resumed, USER_REQUEST)
(20:06:10.658) INFO: [TadState] TAD state changed from DEBUG_RESUMED to READY (Suspended, SIGNAL)
(20:06:11.169) ReadingException: com.freescale.mqx.gdb.tad.model.globalstatus.TadGlobalStatusFactory.isMqxDataValid() at 60.line "readLongVariableSafely(_mqx_kernel_data)"
(20:06:11.170) ERROR: [TadGlobalStatusFactory] Kernel Data NOT valid (pointer: 0x0000)
(20:06:11.171) ERROR: [TadGlobalStatusFactory] MQX data not valid!
(20:06:11.171) INFO: [TadModel$3] Loading of TAD Global Status took 502 ms
(20:06:11.172) INFO: [TadGlobalStatusController] TAD global status data is ready!
(20:06:12.128) INFO: [TadModel] DSF session ID 32 has ended
(20:07:12.124) INFO: [TadModel] DSF session ID 33 has started
(20:07:14.906) INFO: [TadState] TAD state changed from DEBUG_STARTED to DEBUG_INIT_0 (Suspended, USER_REQUEST)
(20:07:17.097) INFO: [TadState] TAD state changed from DEBUG_INIT_0 to DEBUG_INIT_1 (Resumed, USER_REQUEST)
(20:07:17.128) INFO: [TadState] TAD state changed from DEBUG_INIT_1 to DEBUG_SUSPENDED (Suspended, BREAKPOINT)
(20:07:18.291) INFO: [TadState] TAD state changed from DEBUG_SUSPENDED to DEBUG_RESUMED (Resumed, USER_REQUEST)
(20:07:21.347) INFO: [TadState] TAD state changed from DEBUG_RESUMED to READY (Suspended, SIGNAL)
(20:07:21.852) ReadingException: com.freescale.mqx.gdb.tad.model.globalstatus.TadGlobalStatusFactory.isMqxDataValid() at 60.line "readLongVariableSafely(_mqx_kernel_data)"
(20:07:21.852) ERROR: [TadGlobalStatusFactory] Kernel Data NOT valid (pointer: 0x0000)
(20:07:21.852) ERROR: [TadGlobalStatusFactory] MQX data not valid!
(20:07:21.852) INFO: [TadModel$3] Loading of TAD Global Status took 502 ms
(20:07:21.852) INFO: [TadGlobalStatusController] TAD global status data is ready!
(20:07:22.790) INFO: [TadModel] DSF session ID 33 has ended
(20:10:13.843) INFO: [TadModel] DSF session ID 34 has started
(20:10:16.387) INFO: [TadModel] DSF session ID 34 has ended
(20:12:59.902) INFO: [TadModel] DSF session ID 35 has started
(20:13:02.424) INFO: [TadState] TAD state changed from DEBUG_STARTED to DEBUG_INIT_0 (Suspended, USER_REQUEST)
(20:13:04.682) INFO: [TadState] TAD state changed from DEBUG_INIT_0 to DEBUG_INIT_1 (Resumed, USER_REQUEST)
(20:13:04.709) INFO: [TadState] TAD state changed from DEBUG_INIT_1 to DEBUG_SUSPENDED (Suspended, BREAKPOINT)
(20:13:06.094) INFO: [TadModel] DSF session ID 35 has ended
(20:14:31.104) INFO: [TadModel] DSF session ID 36 has started
(20:14:33.778) INFO: [TadState] TAD state changed from DEBUG_STARTED to DEBUG_INIT_0 (Suspended, USER_REQUEST)
(20:14:36.006) INFO: [TadState] TAD state changed from DEBUG_INIT_0 to DEBUG_INIT_1 (Resumed, USER_REQUEST)
(20:14:36.038) INFO: [TadState] TAD state changed from DEBUG_INIT_1 to DEBUG_SUSPENDED (Suspended, BREAKPOINT)
(20:14:38.538) INFO: [TadState] TAD state changed from DEBUG_SUSPENDED to DEBUG_RESUMED (Resumed, USER_REQUEST)
(20:15:14.091) INFO: [TadState] TAD state changed from DEBUG_RESUMED to READY (Suspended, SIGNAL)
(20:15:14.597) ReadingException: com.freescale.mqx.gdb.tad.model.globalstatus.TadGlobalStatusFactory.isMqxDataValid() at 60.line "readLongVariableSafely(_mqx_kernel_data)"
(20:15:14.599) ERROR: [TadGlobalStatusFactory] Kernel Data NOT valid (pointer: 0x0000)
(20:15:14.601) ERROR: [TadGlobalStatusFactory] MQX data not valid!
(20:15:14.602) INFO: [TadModel$3] Loading of TAD Global Status took 506 ms
(20:15:14.604) INFO: [TadGlobalStatusController] TAD global status data is ready!
(20:15:15.473) INFO: [TadModel] DSF session ID 36 has ended
(20:18:59.171) INFO: [TadModel] DSF session ID 37 has started
(20:19:01.930) INFO: [TadState] TAD state changed from DEBUG_STARTED to DEBUG_INIT_0 (Suspended, USER_REQUEST)
(20:19:04.125) INFO: [TadState] TAD state changed from DEBUG_INIT_0 to DEBUG_INIT_1 (Resumed, USER_REQUEST)
(20:19:04.152) INFO: [TadState] TAD state changed from DEBUG_INIT_1 to DEBUG_SUSPENDED (Suspended, BREAKPOINT)
(20:19:06.562) INFO: [TadState] TAD state changed from DEBUG_SUSPENDED to DEBUG_RESUMED (Resumed, USER_REQUEST)
(20:19:30.772) INFO: [TadState] TAD state changed from DEBUG_RESUMED to READY (Suspended, SIGNAL)
(20:19:31.278) ReadingException: com.freescale.mqx.gdb.tad.model.globalstatus.TadGlobalStatusFactory.isMqxDataValid() at 60.line "readLongVariableSafely(_mqx_kernel_data)"
(20:19:31.278) ERROR: [TadGlobalStatusFactory] Kernel Data NOT valid (pointer: 0x0000)
(20:19:31.278) ERROR: [TadGlobalStatusFactory] MQX data not valid!
(20:19:31.279) INFO: [TadModel$3] Loading of TAD Global Status took 503 ms
(20:19:31.279) INFO: [TadGlobalStatusController] TAD global status data is ready!
(20:19:32.195) INFO: [TadModel] DSF session ID 37 has ended
(20:21:45.859) INFO: [TadModel] DSF session ID 38 has started
(20:21:48.629) INFO: [TadState] TAD state changed from DEBUG_STARTED to DEBUG_INIT_0 (Suspended, USER_REQUEST)
(20:21:50.826) INFO: [TadState] TAD state changed from DEBUG_INIT_0 to DEBUG_INIT_1 (Resumed, USER_REQUEST)
(20:21:50.853) INFO: [TadState] TAD state changed from DEBUG_INIT_1 to DEBUG_SUSPENDED (Suspended, BREAKPOINT)
(20:21:52.669) INFO: [TadState] TAD state changed from DEBUG_SUSPENDED to DEBUG_RESUMED (Resumed, USER_REQUEST)
(20:22:09.521) INFO: [TadState] TAD state changed from DEBUG_RESUMED to READY (Suspended, SIGNAL)
(20:22:10.026) ReadingException: com.freescale.mqx.gdb.tad.model.globalstatus.TadGlobalStatusFactory.isMqxDataValid() at 60.line "readLongVariableSafely(_mqx_kernel_data)"
(20:22:10.027) ERROR: [TadGlobalStatusFactory] Kernel Data NOT valid (pointer: 0x0000)
(20:22:10.028) ERROR: [TadGlobalStatusFactory] MQX data not valid!
(20:22:10.029) INFO: [TadModel$3] Loading of TAD Global Status took 505 ms
(20:22:10.030) INFO: [TadGlobalStatusController] TAD global status data is ready!
(20:22:10.937) INFO: [TadModel] DSF session ID 38 has ended
(20:24:01.821) INFO: [TadModel] DSF session ID 39 has started
(20:24:04.649) INFO: [TadState] TAD state changed from DEBUG_STARTED to DEBUG_INIT_0 (Suspended, USER_REQUEST)
(20:24:06.071) INFO: [TadState] TAD state changed from DEBUG_INIT_0 to DEBUG_INIT_1 (Resumed, USER_REQUEST)
(20:24:06.097) INFO: [TadState] TAD state changed from DEBUG_INIT_1 to DEBUG_SUSPENDED (Suspended, BREAKPOINT)
(20:24:11.309) INFO: [TadModel] DSF session ID 40 has started
(20:24:13.702) INFO: [TadModel] DSF session ID 40 has ended
(20:24:16.560) INFO: [TadModel] DSF session ID 41 has started
(20:24:19.288) INFO: [TadModel] DSF session ID 39 has ended
(20:24:20.812) INFO: [TadState] TAD state changed from NONE to DEBUG_INIT_0 (Suspended, USER_REQUEST)
(20:24:22.287) INFO: [TadState] TAD state changed from DEBUG_INIT_0 to DEBUG_INIT_1 (Resumed, USER_REQUEST)
(20:24:22.315) INFO: [TadState] TAD state changed from DEBUG_INIT_1 to DEBUG_SUSPENDED (Suspended, BREAKPOINT)
(20:24:24.056) INFO: [TadState] TAD state changed from DEBUG_SUSPENDED to DEBUG_RESUMED (Resumed, USER_REQUEST)
(20:24:38.569) INFO: [TadState] TAD state changed from DEBUG_RESUMED to READY (Suspended, SIGNAL)
(20:24:39.076) ReadingException: com.freescale.mqx.gdb.tad.model.globalstatus.TadGlobalStatusFactory.isMqxDataValid() at 60.line "readLongVariableSafely(_mqx_kernel_data)"
(20:24:39.076) ERROR: [TadGlobalStatusFactory] Kernel Data NOT valid (pointer: 0x0000)
(20:24:39.076) ERROR: [TadGlobalStatusFactory] MQX data not valid!
(20:24:39.076) INFO: [TadModel$3] Loading of TAD Global Status took 502 ms
(20:24:39.076) INFO: [TadGlobalStatusController] TAD global status data is ready!
