23:07:33 **** Incremental Build of configuration Debug for project Giroscopio_I2C ****
make -j4 all 
Building file: ../src/main.c
Executing target #4 ../src/main.c
Invoking: Standard S32DS C Compiler
arm-none-eabi-gcc "@src/main.args" -MMD -MP -MF"src/main.d" -MT"src/main.o" -o "src/main.o" "../src/main.c"
Finished building: ../src/main.c
 
Building target: Giroscopio_I2C.elf
Executing target #5 Giroscopio_I2C.elf
Invoking: Standard S32DS C Linker
arm-none-eabi-gcc -o "Giroscopio_I2C.elf" "@Giroscopio_I2C.args"   
./src/main.o: In function `LPIT0_Ch2_IRQHandler':
D:\Documentos\SemestresTec\Semestre_i\Microcontroladores\NXP-S32K144\Giroscopio_I2C\Debug/../src/main.c:313: undefined reference to `pow'
D:\Documentos\SemestresTec\Semestre_i\Microcontroladores\NXP-S32K144\Giroscopio_I2C\Debug/../src/main.c:313: undefined reference to `pow'
D:\Documentos\SemestresTec\Semestre_i\Microcontroladores\NXP-S32K144\Giroscopio_I2C\Debug/../src/main.c:313: undefined reference to `sqrt'
D:\Documentos\SemestresTec\Semestre_i\Microcontroladores\NXP-S32K144\Giroscopio_I2C\Debug/../src/main.c:313: undefined reference to `atan'
D:\Documentos\SemestresTec\Semestre_i\Microcontroladores\NXP-S32K144\Giroscopio_I2C\Debug/../src/main.c:314: undefined reference to `pow'
D:\Documentos\SemestresTec\Semestre_i\Microcontroladores\NXP-S32K144\Giroscopio_I2C\Debug/../src/main.c:314: undefined reference to `pow'
D:\Documentos\SemestresTec\Semestre_i\Microcontroladores\NXP-S32K144\Giroscopio_I2C\Debug/../src/main.c:314: undefined reference to `sqrt'
D:\Documentos\SemestresTec\Semestre_i\Microcontroladores\NXP-S32K144\Giroscopio_I2C\Debug/../src/main.c:314: undefined reference to `atan'
collect2.exe: error: ld returned 1 exit status
make: *** [makefile:58: Giroscopio_I2C.elf] Error 1

23:07:34 Build Finished (took 918ms)

